master.adtec.ovh: Did not receive an HTTP/1.1 200 OK response. Full response follows:
---------------------- Begin response ----------------------
HTTP/1.1 405 Not Allowed
Date: Wed, 10 Jun 2026 07:48:35 GMT
Content-Type: text/html
Content-Length: 157
Connection: close

<html>
<head><title>405 Not Allowed</title></head>
<body>
<center><h1>405 Not Allowed</h1></center>
<hr><center>nginx/1.18.0</center>
</body>
</html>

----------------------- End response -----------------------
master.thijn.ovh: Did not receive an HTTP/1.1 200 OK response. Full response follows:
---------------------- Begin response ----------------------
HTTP/1.1 400 Bad Request
Server: nginx
Date: Wed, 10 Jun 2026 07:48:39 GMT
Content-Type: text/html; charset=UTF-8
Transfer-Encoding: chunked
Connection: close
X-VCMP-Error: Invalid request - Server unreachable
Strict-Transport-Security: max-age=63072000

0


----------------------- End response -----------------------
master.adtec.ovh: Did not receive an HTTP/1.1 200 OK response. Full response follows:
---------------------- Begin response ----------------------
HTTP/1.1 405 Not Allowed
Date: Wed, 10 Jun 2026 07:49:41 GMT
Content-Type: text/html
Content-Length: 157
Connection: close

<html>
<head><title>405 Not Allowed</title></head>
<body>
<center><h1>405 Not Allowed</h1></center>
<hr><center>nginx/1.18.0</center>
</body>
</html>

----------------------- End response -----------------------
master.thijn.ovh: Did not receive an HTTP/1.1 200 OK response. Full response follows:
---------------------- Begin response ----------------------
HTTP/1.1 400 Bad Request
Server: nginx
Date: Wed, 10 Jun 2026 07:49:45 GMT
Content-Type: text/html; charset=UTF-8
Transfer-Encoding: chunked
Connection: close
X-VCMP-Error: Invalid request - Server unreachable
Strict-Transport-Security: max-age=63072000

0


----------------------- End response -----------------------
master.adtec.ovh: Did not receive an HTTP/1.1 200 OK response. Full response follows:
---------------------- Begin response ----------------------
HTTP/1.1 405 Not Allowed
Date: Wed, 10 Jun 2026 08:23:38 GMT
Content-Type: text/html
Content-Length: 157
Connection: close

<html>
<head><title>405 Not Allowed</title></head>
<body>
<center><h1>405 Not Allowed</h1></center>
<hr><center>nginx/1.18.0</center>
</body>
</html>

----------------------- End response -----------------------
master.thijn.ovh: Did not receive an HTTP/1.1 200 OK response. Full response follows:
---------------------- Begin response ----------------------
HTTP/1.1 400 Bad Request
Server: nginx
Date: Wed, 10 Jun 2026 08:23:42 GMT
Content-Type: text/html; charset=UTF-8
Transfer-Encoding: chunked
Connection: close
X-VCMP-Error: Invalid request - Server unreachable
Strict-Transport-Security: max-age=63072000

0


----------------------- End response -----------------------
master.adtec.ovh: Did not receive an HTTP/1.1 200 OK response. Full response follows:
---------------------- Begin response ----------------------
HTTP/1.1 405 Not Allowed
Date: Wed, 10 Jun 2026 08:24:43 GMT
Content-Type: text/html
Content-Length: 157
Connection: close

<html>
<head><title>405 Not Allowed</title></head>
<body>
<center><h1>405 Not Allowed</h1></center>
<hr><center>nginx/1.18.0</center>
</body>
</html>

----------------------- End response -----------------------
master.thijn.ovh: Did not receive an HTTP/1.1 200 OK response. Full response follows:
---------------------- Begin response ----------------------
HTTP/1.1 400 Bad Request
Server: nginx
Date: Wed, 10 Jun 2026 08:24:47 GMT
Content-Type: text/html; charset=UTF-8
Transfer-Encoding: chunked
Connection: close
X-VCMP-Error: Invalid request - Server unreachable
Strict-Transport-Security: max-age=63072000

0


----------------------- End response -----------------------
master.adtec.ovh: Did not receive an HTTP/1.1 200 OK response. Full response follows:
---------------------- Begin response ----------------------
HTTP/1.1 405 Not Allowed
Date: Wed, 10 Jun 2026 08:25:49 GMT
Content-Type: text/html
Content-Length: 157
Connection: close

<html>
<head><title>405 Not Allowed</title></head>
<body>
<center><h1>405 Not Allowed</h1></center>
<hr><center>nginx/1.18.0</center>
</body>
</html>

----------------------- End response -----------------------
master.thijn.ovh: Did not receive an HTTP/1.1 200 OK response. Full response follows:
---------------------- Begin response ----------------------
HTTP/1.1 400 Bad Request
Server: nginx
Date: Wed, 10 Jun 2026 08:25:52 GMT
Content-Type: text/html; charset=UTF-8
Transfer-Encoding: chunked
Connection: close
X-VCMP-Error: Invalid request - Server unreachable
Strict-Transport-Security: max-age=63072000

0


----------------------- End response -----------------------
master.adtec.ovh: Did not receive an HTTP/1.1 200 OK response. Full response follows:
---------------------- Begin response ----------------------
HTTP/1.1 405 Not Allowed
Date: Wed, 10 Jun 2026 08:26:53 GMT
Content-Type: text/html
Content-Length: 157
Connection: close

<html>
<head><title>405 Not Allowed</title></head>
<body>
<center><h1>405 Not Allowed</h1></center>
<hr><center>nginx/1.18.0</center>
</body>
</html>

----------------------- End response -----------------------
master.thijn.ovh: Did not receive an HTTP/1.1 200 OK response. Full response follows:
---------------------- Begin response ----------------------
HTTP/1.1 400 Bad Request
Server: nginx
Date: Wed, 10 Jun 2026 08:26:56 GMT
Content-Type: text/html; charset=UTF-8
Transfer-Encoding: chunked
Connection: close
X-VCMP-Error: Invalid request - Server unreachable
Strict-Transport-Security: max-age=63072000

0


----------------------- End response -----------------------
master.adtec.ovh: Did not receive an HTTP/1.1 200 OK response. Full response follows:
---------------------- Begin response ----------------------
HTTP/1.1 405 Not Allowed
Date: Wed, 10 Jun 2026 08:27:57 GMT
Content-Type: text/html
Content-Length: 157
Connection: close

<html>
<head><title>405 Not Allowed</title></head>
<body>
<center><h1>405 Not Allowed</h1></center>
<hr><center>nginx/1.18.0</center>
</body>
</html>

----------------------- End response -----------------------
master.thijn.ovh: Did not receive an HTTP/1.1 200 OK response. Full response follows:
---------------------- Begin response ----------------------
HTTP/1.1 400 Bad Request
Server: nginx
Date: Wed, 10 Jun 2026 08:28:01 GMT
Content-Type: text/html; charset=UTF-8
Transfer-Encoding: chunked
Connection: close
X-VCMP-Error: Invalid request - Server unreachable
Strict-Transport-Security: max-age=63072000

0


----------------------- End response -----------------------
master.adtec.ovh: Did not receive an HTTP/1.1 200 OK response. Full response follows:
---------------------- Begin response ----------------------
HTTP/1.1 405 Not Allowed
Date: Wed, 10 Jun 2026 08:29:02 GMT
Content-Type: text/html
Content-Length: 157
Connection: close

<html>
<head><title>405 Not Allowed</title></head>
<body>
<center><h1>405 Not Allowed</h1></center>
<hr><center>nginx/1.18.0</center>
</body>
</html>

----------------------- End response -----------------------
master.thijn.ovh: Did not receive an HTTP/1.1 200 OK response. Full response follows:
---------------------- Begin response ----------------------
HTTP/1.1 400 Bad Request
Server: nginx
Date: Wed, 10 Jun 2026 08:29:06 GMT
Content-Type: text/html; charset=UTF-8
Transfer-Encoding: chunked
Connection: close
X-VCMP-Error: Invalid request - Server unreachable
Strict-Transport-Security: max-age=63072000

0


----------------------- End response -----------------------
master.adtec.ovh: Did not receive an HTTP/1.1 200 OK response. Full response follows:
---------------------- Begin response ----------------------
HTTP/1.1 405 Not Allowed
Date: Wed, 10 Jun 2026 08:30:09 GMT
Content-Type: text/html
Content-Length: 157
Connection: close

<html>
<head><title>405 Not Allowed</title></head>
<body>
<center><h1>405 Not Allowed</h1></center>
<hr><center>nginx/1.18.0</center>
</body>
</html>

----------------------- End response -----------------------
master.thijn.ovh: Did not receive an HTTP/1.1 200 OK response. Full response follows:
---------------------- Begin response ----------------------
HTTP/1.1 400 Bad Request
Server: nginx
Date: Wed, 10 Jun 2026 08:30:12 GMT
Content-Type: text/html; charset=UTF-8
Transfer-Encoding: chunked
Connection: close
X-VCMP-Error: Invalid request - Server unreachable
Strict-Transport-Security: max-age=63072000

0


----------------------- End response -----------------------
master.adtec.ovh: Did not receive an HTTP/1.1 200 OK response. Full response follows:
---------------------- Begin response ----------------------
HTTP/1.1 405 Not Allowed
Date: Wed, 10 Jun 2026 08:31:13 GMT
Content-Type: text/html
Content-Length: 157
Connection: close

<html>
<head><title>405 Not Allowed</title></head>
<body>
<center><h1>405 Not Allowed</h1></center>
<hr><center>nginx/1.18.0</center>
</body>
</html>

----------------------- End response -----------------------
master.thijn.ovh: Did not receive an HTTP/1.1 200 OK response. Full response follows:
---------------------- Begin response ----------------------
HTTP/1.1 400 Bad Request
Server: nginx
Date: Wed, 10 Jun 2026 08:31:17 GMT
Content-Type: text/html; charset=UTF-8
Transfer-Encoding: chunked
Connection: close
X-VCMP-Error: Invalid request - Server unreachable
Strict-Transport-Security: max-age=63072000

0


----------------------- End response -----------------------
master.adtec.ovh: Did not receive an HTTP/1.1 200 OK response. Full response follows:
---------------------- Begin response ----------------------
HTTP/1.1 405 Not Allowed
Date: Wed, 10 Jun 2026 08:32:20 GMT
Content-Type: text/html
Content-Length: 157
Connection: close

<html>
<head><title>405 Not Allowed</title></head>
<body>
<center><h1>405 Not Allowed</h1></center>
<hr><center>nginx/1.18.0</center>
</body>
</html>

----------------------- End response -----------------------
master.thijn.ovh: Did not receive an HTTP/1.1 200 OK response. Full response follows:
---------------------- Begin response ----------------------
HTTP/1.1 400 Bad Request
Server: nginx
Date: Wed, 10 Jun 2026 08:32:24 GMT
Content-Type: text/html; charset=UTF-8
Transfer-Encoding: chunked
Connection: close
X-VCMP-Error: Invalid request - Server unreachable
Strict-Transport-Security: max-age=63072000

0


----------------------- End response -----------------------
master.adtec.ovh: Did not receive an HTTP/1.1 200 OK response. Full response follows:
---------------------- Begin response ----------------------
HTTP/1.1 405 Not Allowed
Date: Wed, 10 Jun 2026 08:33:26 GMT
Content-Type: text/html
Content-Length: 157
Connection: close

<html>
<head><title>405 Not Allowed</title></head>
<body>
<center><h1>405 Not Allowed</h1></center>
<hr><center>nginx/1.18.0</center>
</body>
</html>

----------------------- End response -----------------------
master.thijn.ovh: Did not receive an HTTP/1.1 200 OK response. Full response follows:
---------------------- Begin response ----------------------
HTTP/1.1 400 Bad Request
Server: nginx
Date: Wed, 10 Jun 2026 08:33:29 GMT
Content-Type: text/html; charset=UTF-8
Transfer-Encoding: chunked
Connection: close
X-VCMP-Error: Invalid request - Server unreachable
Strict-Transport-Security: max-age=63072000

0


----------------------- End response -----------------------
master.adtec.ovh: Did not receive an HTTP/1.1 200 OK response. Full response follows:
---------------------- Begin response ----------------------
HTTP/1.1 405 Not Allowed
Date: Wed, 10 Jun 2026 08:34:32 GMT
Content-Type: text/html
Content-Length: 157
Connection: close

<html>
<head><title>405 Not Allowed</title></head>
<body>
<center><h1>405 Not Allowed</h1></center>
<hr><center>nginx/1.18.0</center>
</body>
</html>

----------------------- End response -----------------------
master.thijn.ovh: Did not receive an HTTP/1.1 200 OK response. Full response follows:
---------------------- Begin response ----------------------
HTTP/1.1 400 Bad Request
Server: nginx
Date: Wed, 10 Jun 2026 08:34:36 GMT
Content-Type: text/html; charset=UTF-8
Transfer-Encoding: chunked
Connection: close
X-VCMP-Error: Invalid request - Server unreachable
Strict-Transport-Security: max-age=63072000

0


----------------------- End response -----------------------
master.adtec.ovh: Did not receive an HTTP/1.1 200 OK response. Full response follows:
---------------------- Begin response ----------------------
HTTP/1.1 405 Not Allowed
Date: Wed, 10 Jun 2026 08:35:37 GMT
Content-Type: text/html
Content-Length: 157
Connection: close

<html>
<head><title>405 Not Allowed</title></head>
<body>
<center><h1>405 Not Allowed</h1></center>
<hr><center>nginx/1.18.0</center>
</body>
</html>

----------------------- End response -----------------------
master.thijn.ovh: Did not receive an HTTP/1.1 200 OK response. Full response follows:
---------------------- Begin response ----------------------
HTTP/1.1 400 Bad Request
Server: nginx
Date: Wed, 10 Jun 2026 08:35:41 GMT
Content-Type: text/html; charset=UTF-8
Transfer-Encoding: chunked
Connection: close
X-VCMP-Error: Invalid request - Server unreachable
Strict-Transport-Security: max-age=63072000

0


----------------------- End response -----------------------
master.adtec.ovh: Did not receive an HTTP/1.1 200 OK response. Full response follows:
---------------------- Begin response ----------------------
HTTP/1.1 405 Not Allowed
Date: Wed, 10 Jun 2026 08:36:44 GMT
Content-Type: text/html
Content-Length: 157
Connection: close

<html>
<head><title>405 Not Allowed</title></head>
<body>
<center><h1>405 Not Allowed</h1></center>
<hr><center>nginx/1.18.0</center>
</body>
</html>

----------------------- End response -----------------------
master.thijn.ovh: Did not receive an HTTP/1.1 200 OK response. Full response follows:
---------------------- Begin response ----------------------
HTTP/1.1 400 Bad Request
Server: nginx
Date: Wed, 10 Jun 2026 08:36:47 GMT
Content-Type: text/html; charset=UTF-8
Transfer-Encoding: chunked
Connection: close
X-VCMP-Error: Invalid request - Server unreachable
Strict-Transport-Security: max-age=63072000

0


----------------------- End response -----------------------
master.adtec.ovh: Did not receive an HTTP/1.1 200 OK response. Full response follows:
---------------------- Begin response ----------------------
HTTP/1.1 405 Not Allowed
Date: Wed, 10 Jun 2026 08:37:48 GMT
Content-Type: text/html
Content-Length: 157
Connection: close

<html>
<head><title>405 Not Allowed</title></head>
<body>
<center><h1>405 Not Allowed</h1></center>
<hr><center>nginx/1.18.0</center>
</body>
</html>

----------------------- End response -----------------------
master.thijn.ovh: Did not receive an HTTP/1.1 200 OK response. Full response follows:
---------------------- Begin response ----------------------
HTTP/1.1 400 Bad Request
Server: nginx
Date: Wed, 10 Jun 2026 08:37:52 GMT
Content-Type: text/html; charset=UTF-8
Transfer-Encoding: chunked
Connection: close
X-VCMP-Error: Invalid request - Server unreachable
Strict-Transport-Security: max-age=63072000

0


----------------------- End response -----------------------
master.adtec.ovh: Did not receive an HTTP/1.1 200 OK response. Full response follows:
---------------------- Begin response ----------------------
HTTP/1.1 405 Not Allowed
Date: Wed, 10 Jun 2026 08:38:53 GMT
Content-Type: text/html
Content-Length: 157
Connection: close

<html>
<head><title>405 Not Allowed</title></head>
<body>
<center><h1>405 Not Allowed</h1></center>
<hr><center>nginx/1.18.0</center>
</body>
</html>

----------------------- End response -----------------------
master.thijn.ovh: Did not receive an HTTP/1.1 200 OK response. Full response follows:
---------------------- Begin response ----------------------
HTTP/1.1 400 Bad Request
Server: nginx
Date: Wed, 10 Jun 2026 08:38:56 GMT
Content-Type: text/html; charset=UTF-8
Transfer-Encoding: chunked
Connection: close
X-VCMP-Error: Invalid request - Server unreachable
Strict-Transport-Security: max-age=63072000

0


----------------------- End response -----------------------
master.adtec.ovh: Did not receive an HTTP/1.1 200 OK response. Full response follows:
---------------------- Begin response ----------------------
HTTP/1.1 405 Not Allowed
Date: Wed, 10 Jun 2026 08:39:57 GMT
Content-Type: text/html
Content-Length: 157
Connection: close

<html>
<head><title>405 Not Allowed</title></head>
<body>
<center><h1>405 Not Allowed</h1></center>
<hr><center>nginx/1.18.0</center>
</body>
</html>

----------------------- End response -----------------------
master.thijn.ovh: Did not receive an HTTP/1.1 200 OK response. Full response follows:
---------------------- Begin response ----------------------
HTTP/1.1 400 Bad Request
Server: nginx
Date: Wed, 10 Jun 2026 08:40:01 GMT
Content-Type: text/html; charset=UTF-8
Transfer-Encoding: chunked
Connection: close
X-VCMP-Error: Invalid request - Server unreachable
Strict-Transport-Security: max-age=63072000

0


----------------------- End response -----------------------
master.adtec.ovh: Did not receive an HTTP/1.1 200 OK response. Full response follows:
---------------------- Begin response ----------------------
HTTP/1.1 405 Not Allowed
Date: Wed, 10 Jun 2026 08:41:07 GMT
Content-Type: text/html
Content-Length: 157
Connection: close

<html>
<head><title>405 Not Allowed</title></head>
<body>
<center><h1>405 Not Allowed</h1></center>
<hr><center>nginx/1.18.0</center>
</body>
</html>

----------------------- End response -----------------------
master.thijn.ovh: Did not receive an HTTP/1.1 200 OK response. Full response follows:
---------------------- Begin response ----------------------
HTTP/1.1 400 Bad Request
Server: nginx
Date: Wed, 10 Jun 2026 08:41:10 GMT
Content-Type: text/html; charset=UTF-8
Transfer-Encoding: chunked
Connection: close
X-VCMP-Error: Invalid request - Server unreachable
Strict-Transport-Security: max-age=63072000

0


----------------------- End response -----------------------
master.adtec.ovh: Did not receive an HTTP/1.1 200 OK response. Full response follows:
---------------------- Begin response ----------------------
HTTP/1.1 405 Not Allowed
Date: Wed, 10 Jun 2026 08:42:11 GMT
Content-Type: text/html
Content-Length: 157
Connection: close

<html>
<head><title>405 Not Allowed</title></head>
<body>
<center><h1>405 Not Allowed</h1></center>
<hr><center>nginx/1.18.0</center>
</body>
</html>

----------------------- End response -----------------------
master.thijn.ovh: Did not receive an HTTP/1.1 200 OK response. Full response follows:
---------------------- Begin response ----------------------
HTTP/1.1 400 Bad Request
Server: nginx
Date: Wed, 10 Jun 2026 08:42:15 GMT
Content-Type: text/html; charset=UTF-8
Transfer-Encoding: chunked
Connection: close
X-VCMP-Error: Invalid request - Server unreachable
Strict-Transport-Security: max-age=63072000

0


----------------------- End response -----------------------
master.adtec.ovh: Did not receive an HTTP/1.1 200 OK response. Full response follows:
---------------------- Begin response ----------------------
HTTP/1.1 405 Not Allowed
Date: Wed, 10 Jun 2026 08:43:16 GMT
Content-Type: text/html
Content-Length: 157
Connection: close

<html>
<head><title>405 Not Allowed</title></head>
<body>
<center><h1>405 Not Allowed</h1></center>
<hr><center>nginx/1.18.0</center>
</body>
</html>

----------------------- End response -----------------------
master.thijn.ovh: Did not receive an HTTP/1.1 200 OK response. Full response follows:
---------------------- Begin response ----------------------
HTTP/1.1 400 Bad Request
Server: nginx
Date: Wed, 10 Jun 2026 08:43:19 GMT
Content-Type: text/html; charset=UTF-8
Transfer-Encoding: chunked
Connection: close
X-VCMP-Error: Invalid request - Server unreachable
Strict-Transport-Security: max-age=63072000

0


----------------------- End response -----------------------
master.adtec.ovh: Did not receive an HTTP/1.1 200 OK response. Full response follows:
---------------------- Begin response ----------------------
HTTP/1.1 405 Not Allowed
Date: Wed, 10 Jun 2026 08:44:20 GMT
Content-Type: text/html
Content-Length: 157
Connection: close

<html>
<head><title>405 Not Allowed</title></head>
<body>
<center><h1>405 Not Allowed</h1></center>
<hr><center>nginx/1.18.0</center>
</body>
</html>

----------------------- End response -----------------------
master.thijn.ovh: Did not receive an HTTP/1.1 200 OK response. Full response follows:
---------------------- Begin response ----------------------
HTTP/1.1 400 Bad Request
Server: nginx
Date: Wed, 10 Jun 2026 08:44:24 GMT
Content-Type: text/html; charset=UTF-8
Transfer-Encoding: chunked
Connection: close
X-VCMP-Error: Invalid request - Server unreachable
Strict-Transport-Security: max-age=63072000

0


----------------------- End response -----------------------
master.adtec.ovh: Did not receive an HTTP/1.1 200 OK response. Full response follows:
---------------------- Begin response ----------------------
HTTP/1.1 405 Not Allowed
Date: Wed, 10 Jun 2026 17:39:24 GMT
Content-Type: text/html
Content-Length: 157
Connection: close

<html>
<head><title>405 Not Allowed</title></head>
<body>
<center><h1>405 Not Allowed</h1></center>
<hr><center>nginx/1.18.0</center>
</body>
</html>

----------------------- End response -----------------------
master.thijn.ovh: Did not receive an HTTP/1.1 200 OK response. Full response follows:
---------------------- Begin response ----------------------
HTTP/1.1 400 Bad Request
Server: nginx
Date: Wed, 10 Jun 2026 17:39:28 GMT
Content-Type: text/html; charset=UTF-8
Transfer-Encoding: chunked
Connection: close
X-VCMP-Error: Invalid request - Server unreachable
Strict-Transport-Security: max-age=63072000

0


----------------------- End response -----------------------
master.adtec.ovh: Did not receive an HTTP/1.1 200 OK response. Full response follows:
---------------------- Begin response ----------------------
HTTP/1.1 405 Not Allowed
Date: Wed, 10 Jun 2026 17:40:29 GMT
Content-Type: text/html
Content-Length: 157
Connection: close

<html>
<head><title>405 Not Allowed</title></head>
<body>
<center><h1>405 Not Allowed</h1></center>
<hr><center>nginx/1.18.0</center>
</body>
</html>

----------------------- End response -----------------------
master.thijn.ovh: Did not receive an HTTP/1.1 200 OK response. Full response follows:
---------------------- Begin response ----------------------
HTTP/1.1 400 Bad Request
Server: nginx
Date: Wed, 10 Jun 2026 17:40:32 GMT
Content-Type: text/html; charset=UTF-8
Transfer-Encoding: chunked
Connection: close
X-VCMP-Error: Invalid request - Server unreachable
Strict-Transport-Security: max-age=63072000

0


----------------------- End response -----------------------
master.adtec.ovh: Did not receive an HTTP/1.1 200 OK response. Full response follows:
---------------------- Begin response ----------------------
HTTP/1.1 405 Not Allowed
Date: Wed, 10 Jun 2026 17:41:33 GMT
Content-Type: text/html
Content-Length: 157
Connection: close

<html>
<head><title>405 Not Allowed</title></head>
<body>
<center><h1>405 Not Allowed</h1></center>
<hr><center>nginx/1.18.0</center>
</body>
</html>

----------------------- End response -----------------------
master.thijn.ovh: Did not receive an HTTP/1.1 200 OK response. Full response follows:
---------------------- Begin response ----------------------
HTTP/1.1 400 Bad Request
Server: nginx
Date: Wed, 10 Jun 2026 17:41:37 GMT
Content-Type: text/html; charset=UTF-8
Transfer-Encoding: chunked
Connection: close
X-VCMP-Error: Invalid request - Server unreachable
Strict-Transport-Security: max-age=63072000

0


----------------------- End response -----------------------
master.adtec.ovh: Did not receive an HTTP/1.1 200 OK response. Full response follows:
---------------------- Begin response ----------------------
HTTP/1.1 405 Not Allowed
Date: Wed, 10 Jun 2026 17:42:40 GMT
Content-Type: text/html
Content-Length: 157
Connection: close

<html>
<head><title>405 Not Allowed</title></head>
<body>
<center><h1>405 Not Allowed</h1></center>
<hr><center>nginx/1.18.0</center>
</body>
</html>

----------------------- End response -----------------------
master.thijn.ovh: Did not receive an HTTP/1.1 200 OK response. Full response follows:
---------------------- Begin response ----------------------
HTTP/1.1 400 Bad Request
Server: nginx
Date: Wed, 10 Jun 2026 17:42:44 GMT
Content-Type: text/html; charset=UTF-8
Transfer-Encoding: chunked
Connection: close
X-VCMP-Error: Invalid request - Server unreachable
Strict-Transport-Security: max-age=63072000

0


----------------------- End response -----------------------
master.adtec.ovh: Did not receive an HTTP/1.1 200 OK response. Full response follows:
---------------------- Begin response ----------------------
HTTP/1.1 405 Not Allowed
Date: Wed, 10 Jun 2026 17:48:09 GMT
Content-Type: text/html
Content-Length: 157
Connection: close

<html>
<head><title>405 Not Allowed</title></head>
<body>
<center><h1>405 Not Allowed</h1></center>
<hr><center>nginx/1.18.0</center>
</body>
</html>

----------------------- End response -----------------------
master.thijn.ovh: Did not receive an HTTP/1.1 200 OK response. Full response follows:
---------------------- Begin response ----------------------
HTTP/1.1 400 Bad Request
Server: nginx
Date: Wed, 10 Jun 2026 17:48:13 GMT
Content-Type: text/html; charset=UTF-8
Transfer-Encoding: chunked
Connection: close
X-VCMP-Error: Invalid request - Server unreachable
Strict-Transport-Security: max-age=63072000

0


----------------------- End response -----------------------
master.adtec.ovh: Did not receive an HTTP/1.1 200 OK response. Full response follows:
---------------------- Begin response ----------------------
HTTP/1.1 405 Not Allowed
Date: Wed, 10 Jun 2026 17:49:15 GMT
Content-Type: text/html
Content-Length: 157
Connection: close

<html>
<head><title>405 Not Allowed</title></head>
<body>
<center><h1>405 Not Allowed</h1></center>
<hr><center>nginx/1.18.0</center>
</body>
</html>

----------------------- End response -----------------------
master.thijn.ovh: Did not receive an HTTP/1.1 200 OK response. Full response follows:
---------------------- Begin response ----------------------
HTTP/1.1 400 Bad Request
Server: nginx
Date: Wed, 10 Jun 2026 17:49:19 GMT
Content-Type: text/html; charset=UTF-8
Transfer-Encoding: chunked
Connection: close
X-VCMP-Error: Invalid request - Server unreachable
Strict-Transport-Security: max-age=63072000

0


----------------------- End response -----------------------
master.adtec.ovh: Did not receive an HTTP/1.1 200 OK response. Full response follows:
---------------------- Begin response ----------------------
HTTP/1.1 405 Not Allowed
Date: Wed, 10 Jun 2026 17:50:20 GMT
Content-Type: text/html
Content-Length: 157
Connection: close

<html>
<head><title>405 Not Allowed</title></head>
<body>
<center><h1>405 Not Allowed</h1></center>
<hr><center>nginx/1.18.0</center>
</body>
</html>

----------------------- End response -----------------------
master.thijn.ovh: Did not receive an HTTP/1.1 200 OK response. Full response follows:
---------------------- Begin response ----------------------
HTTP/1.1 400 Bad Request
Server: nginx
Date: Wed, 10 Jun 2026 17:50:24 GMT
Content-Type: text/html; charset=UTF-8
Transfer-Encoding: chunked
Connection: close
X-VCMP-Error: Invalid request - Server unreachable
Strict-Transport-Security: max-age=63072000

0


----------------------- End response -----------------------
master.adtec.ovh: Did not receive an HTTP/1.1 200 OK response. Full response follows:
---------------------- Begin response ----------------------
HTTP/1.1 405 Not Allowed
Date: Wed, 10 Jun 2026 17:51:30 GMT
Content-Type: text/html
Content-Length: 157
Connection: close

<html>
<head><title>405 Not Allowed</title></head>
<body>
<center><h1>405 Not Allowed</h1></center>
<hr><center>nginx/1.18.0</center>
</body>
</html>

----------------------- End response -----------------------
master.thijn.ovh: Did not receive an HTTP/1.1 200 OK response. Full response follows:
---------------------- Begin response ----------------------
HTTP/1.1 400 Bad Request
Server: nginx
Date: Wed, 10 Jun 2026 17:51:33 GMT
Content-Type: text/html; charset=UTF-8
Transfer-Encoding: chunked
Connection: close
X-VCMP-Error: Invalid request - Server unreachable
Strict-Transport-Security: max-age=63072000

0


----------------------- End response -----------------------
master.adtec.ovh: Did not receive an HTTP/1.1 200 OK response. Full response follows:
---------------------- Begin response ----------------------
HTTP/1.1 405 Not Allowed
Date: Wed, 10 Jun 2026 17:52:08 GMT
Content-Type: text/html
Content-Length: 157
Connection: close

<html>
<head><title>405 Not Allowed</title></head>
<body>
<center><h1>405 Not Allowed</h1></center>
<hr><center>nginx/1.18.0</center>
</body>
</html>

----------------------- End response -----------------------
master.thijn.ovh: Did not receive an HTTP/1.1 200 OK response. Full response follows:
---------------------- Begin response ----------------------
HTTP/1.1 400 Bad Request
Server: nginx
Date: Wed, 10 Jun 2026 17:52:11 GMT
Content-Type: text/html; charset=UTF-8
Transfer-Encoding: chunked
Connection: close
X-VCMP-Error: Invalid request - Server unreachable
Strict-Transport-Security: max-age=63072000

0


----------------------- End response -----------------------
master.adtec.ovh: Did not receive an HTTP/1.1 200 OK response. Full response follows:
---------------------- Begin response ----------------------
HTTP/1.1 405 Not Allowed
Date: Wed, 10 Jun 2026 17:53:12 GMT
Content-Type: text/html
Content-Length: 157
Connection: close

<html>
<head><title>405 Not Allowed</title></head>
<body>
<center><h1>405 Not Allowed</h1></center>
<hr><center>nginx/1.18.0</center>
</body>
</html>

----------------------- End response -----------------------
master.thijn.ovh: Did not receive an HTTP/1.1 200 OK response. Full response follows:
---------------------- Begin response ----------------------
HTTP/1.1 400 Bad Request
Server: nginx
Date: Wed, 10 Jun 2026 17:53:16 GMT
Content-Type: text/html; charset=UTF-8
Transfer-Encoding: chunked
Connection: close
X-VCMP-Error: Invalid request - Server unreachable
Strict-Transport-Security: max-age=63072000

0


----------------------- End response -----------------------
master.adtec.ovh: Did not receive an HTTP/1.1 200 OK response. Full response follows:
---------------------- Begin response ----------------------
HTTP/1.1 405 Not Allowed
Date: Wed, 10 Jun 2026 17:54:17 GMT
Content-Type: text/html
Content-Length: 157
Connection: close

<html>
<head><title>405 Not Allowed</title></head>
<body>
<center><h1>405 Not Allowed</h1></center>
<hr><center>nginx/1.18.0</center>
</body>
</html>

----------------------- End response -----------------------
master.thijn.ovh: Did not receive an HTTP/1.1 200 OK response. Full response follows:
---------------------- Begin response ----------------------
HTTP/1.1 400 Bad Request
Server: nginx
Date: Wed, 10 Jun 2026 17:54:21 GMT
Content-Type: text/html; charset=UTF-8
Transfer-Encoding: chunked
Connection: close
X-VCMP-Error: Invalid request - Server unreachable
Strict-Transport-Security: max-age=63072000

0


----------------------- End response -----------------------
master.adtec.ovh: Did not receive an HTTP/1.1 200 OK response. Full response follows:
---------------------- Begin response ----------------------
HTTP/1.1 405 Not Allowed
Date: Wed, 10 Jun 2026 17:55:22 GMT
Content-Type: text/html
Content-Length: 157
Connection: close

<html>
<head><title>405 Not Allowed</title></head>
<body>
<center><h1>405 Not Allowed</h1></center>
<hr><center>nginx/1.18.0</center>
</body>
</html>

----------------------- End response -----------------------
master.thijn.ovh: Did not receive an HTTP/1.1 200 OK response. Full response follows:
---------------------- Begin response ----------------------
HTTP/1.1 400 Bad Request
Server: nginx
Date: Wed, 10 Jun 2026 17:55:25 GMT
Content-Type: text/html; charset=UTF-8
Transfer-Encoding: chunked
Connection: close
X-VCMP-Error: Invalid request - Server unreachable
Strict-Transport-Security: max-age=63072000

0


----------------------- End response -----------------------
master.adtec.ovh: Did not receive an HTTP/1.1 200 OK response. Full response follows:
---------------------- Begin response ----------------------
HTTP/1.1 405 Not Allowed
Date: Wed, 10 Jun 2026 17:57:22 GMT
Content-Type: text/html
Content-Length: 157
Connection: close

<html>
<head><title>405 Not Allowed</title></head>
<body>
<center><h1>405 Not Allowed</h1></center>
<hr><center>nginx/1.18.0</center>
</body>
</html>

----------------------- End response -----------------------
master.thijn.ovh: Did not receive an HTTP/1.1 200 OK response. Full response follows:
---------------------- Begin response ----------------------
HTTP/1.1 400 Bad Request
Server: nginx
Date: Wed, 10 Jun 2026 17:57:26 GMT
Content-Type: text/html; charset=UTF-8
Transfer-Encoding: chunked
Connection: close
X-VCMP-Error: Invalid request - Server unreachable
Strict-Transport-Security: max-age=63072000

0


----------------------- End response -----------------------
master.adtec.ovh: Did not receive an HTTP/1.1 200 OK response. Full response follows:
---------------------- Begin response ----------------------
HTTP/1.1 405 Not Allowed
Date: Wed, 10 Jun 2026 17:58:27 GMT
Content-Type: text/html
Content-Length: 157
Connection: close

<html>
<head><title>405 Not Allowed</title></head>
<body>
<center><h1>405 Not Allowed</h1></center>
<hr><center>nginx/1.18.0</center>
</body>
</html>

----------------------- End response -----------------------
master.thijn.ovh: Did not receive an HTTP/1.1 200 OK response. Full response follows:
---------------------- Begin response ----------------------
HTTP/1.1 400 Bad Request
Server: nginx
Date: Wed, 10 Jun 2026 17:58:31 GMT
Content-Type: text/html; charset=UTF-8
Transfer-Encoding: chunked
Connection: close
X-VCMP-Error: Invalid request - Server unreachable
Strict-Transport-Security: max-age=63072000

0


----------------------- End response -----------------------
master.adtec.ovh: Did not receive an HTTP/1.1 200 OK response. Full response follows:
---------------------- Begin response ----------------------
HTTP/1.1 405 Not Allowed
Date: Wed, 10 Jun 2026 17:59:32 GMT
Content-Type: text/html
Content-Length: 157
Connection: close

<html>
<head><title>405 Not Allowed</title></head>
<body>
<center><h1>405 Not Allowed</h1></center>
<hr><center>nginx/1.18.0</center>
</body>
</html>

----------------------- End response -----------------------
master.thijn.ovh: Did not receive an HTTP/1.1 200 OK response. Full response follows:
---------------------- Begin response ----------------------
HTTP/1.1 400 Bad Request
Server: nginx
Date: Wed, 10 Jun 2026 17:59:35 GMT
Content-Type: text/html; charset=UTF-8
Transfer-Encoding: chunked
Connection: close
X-VCMP-Error: Invalid request - Server unreachable
Strict-Transport-Security: max-age=63072000

0


----------------------- End response -----------------------
master.adtec.ovh: Did not receive an HTTP/1.1 200 OK response. Full response follows:
---------------------- Begin response ----------------------
HTTP/1.1 405 Not Allowed
Date: Wed, 10 Jun 2026 18:00:39 GMT
Content-Type: text/html
Content-Length: 157
Connection: close

<html>
<head><title>405 Not Allowed</title></head>
<body>
<center><h1>405 Not Allowed</h1></center>
<hr><center>nginx/1.18.0</center>
</body>
</html>

----------------------- End response -----------------------
master.thijn.ovh: Did not receive an HTTP/1.1 200 OK response. Full response follows:
---------------------- Begin response ----------------------
HTTP/1.1 400 Bad Request
Server: nginx
Date: Wed, 10 Jun 2026 18:00:42 GMT
Content-Type: text/html; charset=UTF-8
Transfer-Encoding: chunked
Connection: close
X-VCMP-Error: Invalid request - Server unreachable
Strict-Transport-Security: max-age=63072000

0


----------------------- End response -----------------------
master.adtec.ovh: Did not receive an HTTP/1.1 200 OK response. Full response follows:
---------------------- Begin response ----------------------
HTTP/1.1 405 Not Allowed
Date: Wed, 10 Jun 2026 18:01:43 GMT
Content-Type: text/html
Content-Length: 157
Connection: close

<html>
<head><title>405 Not Allowed</title></head>
<body>
<center><h1>405 Not Allowed</h1></center>
<hr><center>nginx/1.18.0</center>
</body>
</html>

----------------------- End response -----------------------
master.thijn.ovh: Did not receive an HTTP/1.1 200 OK response. Full response follows:
---------------------- Begin response ----------------------
HTTP/1.1 400 Bad Request
Server: nginx
Date: Wed, 10 Jun 2026 18:01:47 GMT
Content-Type: text/html; charset=UTF-8
Transfer-Encoding: chunked
Connection: close
X-VCMP-Error: Invalid request - Server unreachable
Strict-Transport-Security: max-age=63072000

0


----------------------- End response -----------------------
master.adtec.ovh: Did not receive an HTTP/1.1 200 OK response. Full response follows:
---------------------- Begin response ----------------------
HTTP/1.1 405 Not Allowed
Date: Wed, 10 Jun 2026 18:02:48 GMT
Content-Type: text/html
Content-Length: 157
Connection: close

<html>
<head><title>405 Not Allowed</title></head>
<body>
<center><h1>405 Not Allowed</h1></center>
<hr><center>nginx/1.18.0</center>
</body>
</html>

----------------------- End response -----------------------
master.thijn.ovh: Did not receive an HTTP/1.1 200 OK response. Full response follows:
---------------------- Begin response ----------------------
HTTP/1.1 400 Bad Request
Server: nginx
Date: Wed, 10 Jun 2026 18:02:51 GMT
Content-Type: text/html; charset=UTF-8
Transfer-Encoding: chunked
Connection: close
X-VCMP-Error: Invalid request - Server unreachable
Strict-Transport-Security: max-age=63072000

0


----------------------- End response -----------------------
master.adtec.ovh: Did not receive an HTTP/1.1 200 OK response. Full response follows:
---------------------- Begin response ----------------------
HTTP/1.1 405 Not Allowed
Date: Wed, 10 Jun 2026 18:03:53 GMT
Content-Type: text/html
Content-Length: 157
Connection: close

<html>
<head><title>405 Not Allowed</title></head>
<body>
<center><h1>405 Not Allowed</h1></center>
<hr><center>nginx/1.18.0</center>
</body>
</html>

----------------------- End response -----------------------
master.thijn.ovh: Did not receive an HTTP/1.1 200 OK response. Full response follows:
---------------------- Begin response ----------------------
HTTP/1.1 400 Bad Request
Server: nginx
Date: Wed, 10 Jun 2026 18:03:57 GMT
Content-Type: text/html; charset=UTF-8
Transfer-Encoding: chunked
Connection: close
X-VCMP-Error: Invalid request - Server unreachable
Strict-Transport-Security: max-age=63072000

0


----------------------- End response -----------------------
master.adtec.ovh: Did not receive an HTTP/1.1 200 OK response. Full response follows:
---------------------- Begin response ----------------------
HTTP/1.1 405 Not Allowed
Date: Wed, 10 Jun 2026 18:05:10 GMT
Content-Type: text/html
Content-Length: 157
Connection: close

<html>
<head><title>405 Not Allowed</title></head>
<body>
<center><h1>405 Not Allowed</h1></center>
<hr><center>nginx/1.18.0</center>
</body>
</html>

----------------------- End response -----------------------
master.thijn.ovh: Did not receive an HTTP/1.1 200 OK response. Full response follows:
---------------------- Begin response ----------------------
HTTP/1.1 400 Bad Request
Server: nginx
Date: Wed, 10 Jun 2026 18:05:14 GMT
Content-Type: text/html; charset=UTF-8
Transfer-Encoding: chunked
Connection: close
X-VCMP-Error: Invalid request - Server unreachable
Strict-Transport-Security: max-age=63072000

0


----------------------- End response -----------------------
master.vc-mp.org: Failed to receive data (return value: -1) (errno: 10060)
master.adtec.ovh: Did not receive an HTTP/1.1 200 OK response. Full response follows:
---------------------- Begin response ----------------------
HTTP/1.1 405 Not Allowed
Date: Wed, 10 Jun 2026 18:06:19 GMT
Content-Type: text/html
Content-Length: 157
Connection: close

<html>
<head><title>405 Not Allowed</title></head>
<body>
<center><h1>405 Not Allowed</h1></center>
<hr><center>nginx/1.18.0</center>
</body>
</html>

----------------------- End response -----------------------
master.thijn.ovh: Did not receive an HTTP/1.1 200 OK response. Full response follows:
---------------------- Begin response ----------------------
HTTP/1.1 400 Bad Request
Server: nginx
Date: Wed, 10 Jun 2026 18:06:23 GMT
Content-Type: text/html; charset=UTF-8
Transfer-Encoding: chunked
Connection: close
X-VCMP-Error: Invalid request - Server unreachable
Strict-Transport-Security: max-age=63072000

0


----------------------- End response -----------------------
master.adtec.ovh: Did not receive an HTTP/1.1 200 OK response. Full response follows:
---------------------- Begin response ----------------------
HTTP/1.1 405 Not Allowed
Date: Wed, 10 Jun 2026 18:07:30 GMT
Content-Type: text/html
Content-Length: 157
Connection: close

<html>
<head><title>405 Not Allowed</title></head>
<body>
<center><h1>405 Not Allowed</h1></center>
<hr><center>nginx/1.18.0</center>
</body>
</html>

----------------------- End response -----------------------
master.thijn.ovh: Did not receive an HTTP/1.1 200 OK response. Full response follows:
---------------------- Begin response ----------------------
HTTP/1.1 400 Bad Request
Server: nginx
Date: Wed, 10 Jun 2026 18:07:33 GMT
Content-Type: text/html; charset=UTF-8
Transfer-Encoding: chunked
Connection: close
X-VCMP-Error: Invalid request - Server unreachable
Strict-Transport-Security: max-age=63072000

0


----------------------- End response -----------------------
master.vc-mp.org: Failed to receive data (return value: -1) (errno: 10060)
master.adtec.ovh: Did not receive an HTTP/1.1 200 OK response. Full response follows:
---------------------- Begin response ----------------------
HTTP/1.1 405 Not Allowed
Date: Wed, 10 Jun 2026 18:08:39 GMT
Content-Type: text/html
Content-Length: 157
Connection: close

<html>
<head><title>405 Not Allowed</title></head>
<body>
<center><h1>405 Not Allowed</h1></center>
<hr><center>nginx/1.18.0</center>
</body>
</html>

----------------------- End response -----------------------
master.thijn.ovh: Did not receive an HTTP/1.1 200 OK response. Full response follows:
---------------------- Begin response ----------------------
HTTP/1.1 400 Bad Request
Server: nginx
Date: Wed, 10 Jun 2026 18:08:43 GMT
Content-Type: text/html; charset=UTF-8
Transfer-Encoding: chunked
Connection: close
X-VCMP-Error: Invalid request - Server unreachable
Strict-Transport-Security: max-age=63072000

0


----------------------- End response -----------------------
master.vc-mp.org: Failed to receive data (return value: -1) (errno: 10060)
master.adtec.ovh: Did not receive an HTTP/1.1 200 OK response. Full response follows:
---------------------- Begin response ----------------------
HTTP/1.1 405 Not Allowed
Date: Wed, 10 Jun 2026 18:09:30 GMT
Content-Type: text/html
Content-Length: 157
Connection: close

<html>
<head><title>405 Not Allowed</title></head>
<body>
<center><h1>405 Not Allowed</h1></center>
<hr><center>nginx/1.18.0</center>
</body>
</html>

----------------------- End response -----------------------
master.thijn.ovh: Did not receive an HTTP/1.1 200 OK response. Full response follows:
---------------------- Begin response ----------------------
HTTP/1.1 400 Bad Request
Server: nginx
Date: Wed, 10 Jun 2026 18:09:33 GMT
Content-Type: text/html; charset=UTF-8
Transfer-Encoding: chunked
Connection: close
X-VCMP-Error: Invalid request - Server unreachable
Strict-Transport-Security: max-age=63072000

0


----------------------- End response -----------------------
master.adtec.ovh: Did not receive an HTTP/1.1 200 OK response. Full response follows:
---------------------- Begin response ----------------------
HTTP/1.1 405 Not Allowed
Date: Wed, 10 Jun 2026 18:10:37 GMT
Content-Type: text/html
Content-Length: 157
Connection: close

<html>
<head><title>405 Not Allowed</title></head>
<body>
<center><h1>405 Not Allowed</h1></center>
<hr><center>nginx/1.18.0</center>
</body>
</html>

----------------------- End response -----------------------
master.thijn.ovh: Did not receive an HTTP/1.1 200 OK response. Full response follows:
---------------------- Begin response ----------------------
HTTP/1.1 400 Bad Request
Server: nginx
Date: Wed, 10 Jun 2026 18:10:40 GMT
Content-Type: text/html; charset=UTF-8
Transfer-Encoding: chunked
Connection: close
X-VCMP-Error: Invalid request - Server unreachable
Strict-Transport-Security: max-age=63072000

0


----------------------- End response -----------------------
master.adtec.ovh: Did not receive an HTTP/1.1 200 OK response. Full response follows:
---------------------- Begin response ----------------------
HTTP/1.1 405 Not Allowed
Date: Wed, 10 Jun 2026 18:11:43 GMT
Content-Type: text/html
Content-Length: 157
Connection: close

<html>
<head><title>405 Not Allowed</title></head>
<body>
<center><h1>405 Not Allowed</h1></center>
<hr><center>nginx/1.18.0</center>
</body>
</html>

----------------------- End response -----------------------
master.thijn.ovh: Did not receive an HTTP/1.1 200 OK response. Full response follows:
---------------------- Begin response ----------------------
HTTP/1.1 400 Bad Request
Server: nginx
Date: Wed, 10 Jun 2026 18:11:46 GMT
Content-Type: text/html; charset=UTF-8
Transfer-Encoding: chunked
Connection: close
X-VCMP-Error: Invalid request - Server unreachable
Strict-Transport-Security: max-age=63072000

0


----------------------- End response -----------------------
master.adtec.ovh: Did not receive an HTTP/1.1 200 OK response. Full response follows:
---------------------- Begin response ----------------------
HTTP/1.1 405 Not Allowed
Date: Wed, 10 Jun 2026 18:12:48 GMT
Content-Type: text/html
Content-Length: 157
Connection: close

<html>
<head><title>405 Not Allowed</title></head>
<body>
<center><h1>405 Not Allowed</h1></center>
<hr><center>nginx/1.18.0</center>
</body>
</html>

----------------------- End response -----------------------
master.thijn.ovh: Did not receive an HTTP/1.1 200 OK response. Full response follows:
---------------------- Begin response ----------------------
HTTP/1.1 400 Bad Request
Server: nginx
Date: Wed, 10 Jun 2026 18:12:52 GMT
Content-Type: text/html; charset=UTF-8
Transfer-Encoding: chunked
Connection: close
X-VCMP-Error: Invalid request - Server unreachable
Strict-Transport-Security: max-age=63072000

0


----------------------- End response -----------------------
master.adtec.ovh: Did not receive an HTTP/1.1 200 OK response. Full response follows:
---------------------- Begin response ----------------------
HTTP/1.1 405 Not Allowed
Date: Wed, 10 Jun 2026 18:14:11 GMT
Content-Type: text/html
Content-Length: 157
Connection: close

<html>
<head><title>405 Not Allowed</title></head>
<body>
<center><h1>405 Not Allowed</h1></center>
<hr><center>nginx/1.18.0</center>
</body>
</html>

----------------------- End response -----------------------
master.thijn.ovh: Did not receive an HTTP/1.1 200 OK response. Full response follows:
---------------------- Begin response ----------------------
HTTP/1.1 400 Bad Request
Server: nginx
Date: Wed, 10 Jun 2026 18:14:15 GMT
Content-Type: text/html; charset=UTF-8
Transfer-Encoding: chunked
Connection: close
X-VCMP-Error: Invalid request - Server unreachable
Strict-Transport-Security: max-age=63072000

0


----------------------- End response -----------------------
master.adtec.ovh: Did not receive an HTTP/1.1 200 OK response. Full response follows:
---------------------- Begin response ----------------------
HTTP/1.1 405 Not Allowed
Date: Wed, 10 Jun 2026 18:14:27 GMT
Content-Type: text/html
Content-Length: 157
Connection: close

<html>
<head><title>405 Not Allowed</title></head>
<body>
<center><h1>405 Not Allowed</h1></center>
<hr><center>nginx/1.18.0</center>
</body>
</html>

----------------------- End response -----------------------
master.thijn.ovh: Did not receive an HTTP/1.1 200 OK response. Full response follows:
---------------------- Begin response ----------------------
HTTP/1.1 400 Bad Request
Server: nginx
Date: Wed, 10 Jun 2026 18:14:30 GMT
Content-Type: text/html; charset=UTF-8
Transfer-Encoding: chunked
Connection: close
X-VCMP-Error: Invalid request - Server unreachable
Strict-Transport-Security: max-age=63072000

0


----------------------- End response -----------------------
master.adtec.ovh: Did not receive an HTTP/1.1 200 OK response. Full response follows:
---------------------- Begin response ----------------------
HTTP/1.1 405 Not Allowed
Date: Wed, 10 Jun 2026 18:15:10 GMT
Content-Type: text/html
Content-Length: 157
Connection: close

<html>
<head><title>405 Not Allowed</title></head>
<body>
<center><h1>405 Not Allowed</h1></center>
<hr><center>nginx/1.18.0</center>
</body>
</html>

----------------------- End response -----------------------
master.thijn.ovh: Did not receive an HTTP/1.1 200 OK response. Full response follows:
---------------------- Begin response ----------------------
HTTP/1.1 400 Bad Request
Server: nginx
Date: Wed, 10 Jun 2026 18:15:14 GMT
Content-Type: text/html; charset=UTF-8
Transfer-Encoding: chunked
Connection: close
X-VCMP-Error: Invalid request - Server unreachable
Strict-Transport-Security: max-age=63072000

0


----------------------- End response -----------------------
master.adtec.ovh: Did not receive an HTTP/1.1 200 OK response. Full response follows:
---------------------- Begin response ----------------------
HTTP/1.1 405 Not Allowed
Date: Wed, 10 Jun 2026 18:16:15 GMT
Content-Type: text/html
Content-Length: 157
Connection: close

<html>
<head><title>405 Not Allowed</title></head>
<body>
<center><h1>405 Not Allowed</h1></center>
<hr><center>nginx/1.18.0</center>
</body>
</html>

----------------------- End response -----------------------
master.thijn.ovh: Did not receive an HTTP/1.1 200 OK response. Full response follows:
---------------------- Begin response ----------------------
HTTP/1.1 400 Bad Request
Server: nginx
Date: Wed, 10 Jun 2026 18:16:18 GMT
Content-Type: text/html; charset=UTF-8
Transfer-Encoding: chunked
Connection: close
X-VCMP-Error: Invalid request - Server unreachable
Strict-Transport-Security: max-age=63072000

0


----------------------- End response -----------------------
master.adtec.ovh: Did not receive an HTTP/1.1 200 OK response. Full response follows:
---------------------- Begin response ----------------------
HTTP/1.1 405 Not Allowed
Date: Wed, 10 Jun 2026 18:17:22 GMT
Content-Type: text/html
Content-Length: 157
Connection: close

<html>
<head><title>405 Not Allowed</title></head>
<body>
<center><h1>405 Not Allowed</h1></center>
<hr><center>nginx/1.18.0</center>
</body>
</html>

----------------------- End response -----------------------
master.thijn.ovh: Did not receive an HTTP/1.1 200 OK response. Full response follows:
---------------------- Begin response ----------------------
HTTP/1.1 400 Bad Request
Server: nginx
Date: Wed, 10 Jun 2026 18:17:25 GMT
Content-Type: text/html; charset=UTF-8
Transfer-Encoding: chunked
Connection: close
X-VCMP-Error: Invalid request - Server unreachable
Strict-Transport-Security: max-age=63072000

0


----------------------- End response -----------------------
master.adtec.ovh: Did not receive an HTTP/1.1 200 OK response. Full response follows:
---------------------- Begin response ----------------------
HTTP/1.1 405 Not Allowed
Date: Wed, 10 Jun 2026 20:15:42 GMT
Content-Type: text/html
Content-Length: 157
Connection: close

<html>
<head><title>405 Not Allowed</title></head>
<body>
<center><h1>405 Not Allowed</h1></center>
<hr><center>nginx/1.18.0</center>
</body>
</html>

----------------------- End response -----------------------
master.thijn.ovh: Did not receive an HTTP/1.1 200 OK response. Full response follows:
---------------------- Begin response ----------------------
HTTP/1.1 400 Bad Request
Server: nginx
Date: Wed, 10 Jun 2026 20:15:46 GMT
Content-Type: text/html; charset=UTF-8
Transfer-Encoding: chunked
Connection: close
X-VCMP-Error: Invalid request - Server unreachable
Strict-Transport-Security: max-age=63072000

0


----------------------- End response -----------------------
master.adtec.ovh: Did not receive an HTTP/1.1 200 OK response. Full response follows:
---------------------- Begin response ----------------------
HTTP/1.1 405 Not Allowed
Date: Wed, 10 Jun 2026 20:16:47 GMT
Content-Type: text/html
Content-Length: 157
Connection: close

<html>
<head><title>405 Not Allowed</title></head>
<body>
<center><h1>405 Not Allowed</h1></center>
<hr><center>nginx/1.18.0</center>
</body>
</html>

----------------------- End response -----------------------
master.thijn.ovh: Did not receive an HTTP/1.1 200 OK response. Full response follows:
---------------------- Begin response ----------------------
HTTP/1.1 400 Bad Request
Server: nginx
Date: Wed, 10 Jun 2026 20:16:51 GMT
Content-Type: text/html; charset=UTF-8
Transfer-Encoding: chunked
Connection: close
X-VCMP-Error: Invalid request - Server unreachable
Strict-Transport-Security: max-age=63072000

0


----------------------- End response -----------------------
master.adtec.ovh: Did not receive an HTTP/1.1 200 OK response. Full response follows:
---------------------- Begin response ----------------------
HTTP/1.1 405 Not Allowed
Date: Wed, 10 Jun 2026 20:17:53 GMT
Content-Type: text/html
Content-Length: 157
Connection: close

<html>
<head><title>405 Not Allowed</title></head>
<body>
<center><h1>405 Not Allowed</h1></center>
<hr><center>nginx/1.18.0</center>
</body>
</html>

----------------------- End response -----------------------
master.thijn.ovh: Did not receive an HTTP/1.1 200 OK response. Full response follows:
---------------------- Begin response ----------------------
HTTP/1.1 400 Bad Request
Server: nginx
Date: Wed, 10 Jun 2026 20:17:57 GMT
Content-Type: text/html; charset=UTF-8
Transfer-Encoding: chunked
Connection: close
X-VCMP-Error: Invalid request - Server unreachable
Strict-Transport-Security: max-age=63072000

0


----------------------- End response -----------------------
master.adtec.ovh: Did not receive an HTTP/1.1 200 OK response. Full response follows:
---------------------- Begin response ----------------------
HTTP/1.1 405 Not Allowed
Date: Wed, 10 Jun 2026 20:18:58 GMT
Content-Type: text/html
Content-Length: 157
Connection: close

<html>
<head><title>405 Not Allowed</title></head>
<body>
<center><h1>405 Not Allowed</h1></center>
<hr><center>nginx/1.18.0</center>
</body>
</html>

----------------------- End response -----------------------
master.thijn.ovh: Did not receive an HTTP/1.1 200 OK response. Full response follows:
---------------------- Begin response ----------------------
HTTP/1.1 400 Bad Request
Server: nginx
Date: Wed, 10 Jun 2026 20:19:02 GMT
Content-Type: text/html; charset=UTF-8
Transfer-Encoding: chunked
Connection: close
X-VCMP-Error: Invalid request - Server unreachable
Strict-Transport-Security: max-age=63072000

0


----------------------- End response -----------------------
master.adtec.ovh: Did not receive an HTTP/1.1 200 OK response. Full response follows:
---------------------- Begin response ----------------------
HTTP/1.1 405 Not Allowed
Date: Wed, 10 Jun 2026 20:20:05 GMT
Content-Type: text/html
Content-Length: 157
Connection: close

<html>
<head><title>405 Not Allowed</title></head>
<body>
<center><h1>405 Not Allowed</h1></center>
<hr><center>nginx/1.18.0</center>
</body>
</html>

----------------------- End response -----------------------
master.thijn.ovh: Did not receive an HTTP/1.1 200 OK response. Full response follows:
---------------------- Begin response ----------------------
HTTP/1.1 400 Bad Request
Server: nginx
Date: Wed, 10 Jun 2026 20:20:09 GMT
Content-Type: text/html; charset=UTF-8
Transfer-Encoding: chunked
Connection: close
X-VCMP-Error: Invalid request - Server unreachable
Strict-Transport-Security: max-age=63072000

0


----------------------- End response -----------------------
master.adtec.ovh: Did not receive an HTTP/1.1 200 OK response. Full response follows:
---------------------- Begin response ----------------------
HTTP/1.1 405 Not Allowed
Date: Wed, 10 Jun 2026 20:20:55 GMT
Content-Type: text/html
Content-Length: 157
Connection: close

<html>
<head><title>405 Not Allowed</title></head>
<body>
<center><h1>405 Not Allowed</h1></center>
<hr><center>nginx/1.18.0</center>
</body>
</html>

----------------------- End response -----------------------
master.thijn.ovh: Did not receive an HTTP/1.1 200 OK response. Full response follows:
---------------------- Begin response ----------------------
HTTP/1.1 400 Bad Request
Server: nginx
Date: Wed, 10 Jun 2026 20:20:59 GMT
Content-Type: text/html; charset=UTF-8
Transfer-Encoding: chunked
Connection: close
X-VCMP-Error: Invalid request - Server unreachable
Strict-Transport-Security: max-age=63072000

0


----------------------- End response -----------------------
master.adtec.ovh: Did not receive an HTTP/1.1 200 OK response. Full response follows:
---------------------- Begin response ----------------------
HTTP/1.1 405 Not Allowed
Date: Wed, 10 Jun 2026 20:22:00 GMT
Content-Type: text/html
Content-Length: 157
Connection: close

<html>
<head><title>405 Not Allowed</title></head>
<body>
<center><h1>405 Not Allowed</h1></center>
<hr><center>nginx/1.18.0</center>
</body>
</html>

----------------------- End response -----------------------
master.thijn.ovh: Did not receive an HTTP/1.1 200 OK response. Full response follows:
---------------------- Begin response ----------------------
HTTP/1.1 400 Bad Request
Server: nginx
Date: Wed, 10 Jun 2026 20:22:03 GMT
Content-Type: text/html; charset=UTF-8
Transfer-Encoding: chunked
Connection: close
X-VCMP-Error: Invalid request - Server unreachable
Strict-Transport-Security: max-age=63072000

0


----------------------- End response -----------------------
master.adtec.ovh: Did not receive an HTTP/1.1 200 OK response. Full response follows:
---------------------- Begin response ----------------------
HTTP/1.1 405 Not Allowed
Date: Wed, 10 Jun 2026 20:22:26 GMT
Content-Type: text/html
Content-Length: 157
Connection: close

<html>
<head><title>405 Not Allowed</title></head>
<body>
<center><h1>405 Not Allowed</h1></center>
<hr><center>nginx/1.18.0</center>
</body>
</html>

----------------------- End response -----------------------
master.thijn.ovh: Did not receive an HTTP/1.1 200 OK response. Full response follows:
---------------------- Begin response ----------------------
HTTP/1.1 400 Bad Request
Server: nginx
Date: Wed, 10 Jun 2026 20:22:29 GMT
Content-Type: text/html; charset=UTF-8
Transfer-Encoding: chunked
Connection: close
X-VCMP-Error: Invalid request - Server unreachable
Strict-Transport-Security: max-age=63072000

0


----------------------- End response -----------------------
master.adtec.ovh: Did not receive an HTTP/1.1 200 OK response. Full response follows:
---------------------- Begin response ----------------------
HTTP/1.1 405 Not Allowed
Date: Wed, 10 Jun 2026 20:22:57 GMT
Content-Type: text/html
Content-Length: 157
Connection: close

<html>
<head><title>405 Not Allowed</title></head>
<body>
<center><h1>405 Not Allowed</h1></center>
<hr><center>nginx/1.18.0</center>
</body>
</html>

----------------------- End response -----------------------
master.thijn.ovh: Did not receive an HTTP/1.1 200 OK response. Full response follows:
---------------------- Begin response ----------------------
HTTP/1.1 400 Bad Request
Server: nginx
Date: Wed, 10 Jun 2026 20:23:00 GMT
Content-Type: text/html; charset=UTF-8
Transfer-Encoding: chunked
Connection: close
X-VCMP-Error: Invalid request - Server unreachable
Strict-Transport-Security: max-age=63072000

0


----------------------- End response -----------------------
master.adtec.ovh: Did not receive an HTTP/1.1 200 OK response. Full response follows:
---------------------- Begin response ----------------------
HTTP/1.1 405 Not Allowed
Date: Wed, 10 Jun 2026 20:24:01 GMT
Content-Type: text/html
Content-Length: 157
Connection: close

<html>
<head><title>405 Not Allowed</title></head>
<body>
<center><h1>405 Not Allowed</h1></center>
<hr><center>nginx/1.18.0</center>
</body>
</html>

----------------------- End response -----------------------
master.thijn.ovh: Did not receive an HTTP/1.1 200 OK response. Full response follows:
---------------------- Begin response ----------------------
HTTP/1.1 400 Bad Request
Server: nginx
Date: Wed, 10 Jun 2026 20:24:04 GMT
Content-Type: text/html; charset=UTF-8
Transfer-Encoding: chunked
Connection: close
X-VCMP-Error: Invalid request - Server unreachable
Strict-Transport-Security: max-age=63072000

0


----------------------- End response -----------------------
master.adtec.ovh: Did not receive an HTTP/1.1 200 OK response. Full response follows:
---------------------- Begin response ----------------------
HTTP/1.1 405 Not Allowed
Date: Wed, 10 Jun 2026 20:25:07 GMT
Content-Type: text/html
Content-Length: 157
Connection: close

<html>
<head><title>405 Not Allowed</title></head>
<body>
<center><h1>405 Not Allowed</h1></center>
<hr><center>nginx/1.18.0</center>
</body>
</html>

----------------------- End response -----------------------
master.thijn.ovh: Did not receive an HTTP/1.1 200 OK response. Full response follows:
---------------------- Begin response ----------------------
HTTP/1.1 400 Bad Request
Server: nginx
Date: Wed, 10 Jun 2026 20:25:10 GMT
Content-Type: text/html; charset=UTF-8
Transfer-Encoding: chunked
Connection: close
X-VCMP-Error: Invalid request - Server unreachable
Strict-Transport-Security: max-age=63072000

0


----------------------- End response -----------------------
master.adtec.ovh: Did not receive an HTTP/1.1 200 OK response. Full response follows:
---------------------- Begin response ----------------------
HTTP/1.1 405 Not Allowed
Date: Wed, 10 Jun 2026 20:26:11 GMT
Content-Type: text/html
Content-Length: 157
Connection: close

<html>
<head><title>405 Not Allowed</title></head>
<body>
<center><h1>405 Not Allowed</h1></center>
<hr><center>nginx/1.18.0</center>
</body>
</html>

----------------------- End response -----------------------
master.thijn.ovh: Did not receive an HTTP/1.1 200 OK response. Full response follows:
---------------------- Begin response ----------------------
HTTP/1.1 400 Bad Request
Server: nginx
Date: Wed, 10 Jun 2026 20:26:15 GMT
Content-Type: text/html; charset=UTF-8
Transfer-Encoding: chunked
Connection: close
X-VCMP-Error: Invalid request - Server unreachable
Strict-Transport-Security: max-age=63072000

0


----------------------- End response -----------------------
master.adtec.ovh: Did not receive an HTTP/1.1 200 OK response. Full response follows:
---------------------- Begin response ----------------------
HTTP/1.1 405 Not Allowed
Date: Wed, 10 Jun 2026 20:27:17 GMT
Content-Type: text/html
Content-Length: 157
Connection: close

<html>
<head><title>405 Not Allowed</title></head>
<body>
<center><h1>405 Not Allowed</h1></center>
<hr><center>nginx/1.18.0</center>
</body>
</html>

----------------------- End response -----------------------
master.thijn.ovh: Did not receive an HTTP/1.1 200 OK response. Full response follows:
---------------------- Begin response ----------------------
HTTP/1.1 400 Bad Request
Server: nginx
Date: Wed, 10 Jun 2026 20:27:21 GMT
Content-Type: text/html; charset=UTF-8
Transfer-Encoding: chunked
Connection: close
X-VCMP-Error: Invalid request - Server unreachable
Strict-Transport-Security: max-age=63072000

0


----------------------- End response -----------------------
master.adtec.ovh: Did not receive an HTTP/1.1 200 OK response. Full response follows:
---------------------- Begin response ----------------------
HTTP/1.1 405 Not Allowed
Date: Wed, 10 Jun 2026 20:28:23 GMT
Content-Type: text/html
Content-Length: 157
Connection: close

<html>
<head><title>405 Not Allowed</title></head>
<body>
<center><h1>405 Not Allowed</h1></center>
<hr><center>nginx/1.18.0</center>
</body>
</html>

----------------------- End response -----------------------
master.thijn.ovh: Did not receive an HTTP/1.1 200 OK response. Full response follows:
---------------------- Begin response ----------------------
HTTP/1.1 400 Bad Request
Server: nginx
Date: Wed, 10 Jun 2026 20:28:26 GMT
Content-Type: text/html; charset=UTF-8
Transfer-Encoding: chunked
Connection: close
X-VCMP-Error: Invalid request - Server unreachable
Strict-Transport-Security: max-age=63072000

0


----------------------- End response -----------------------
master.adtec.ovh: Did not receive an HTTP/1.1 200 OK response. Full response follows:
---------------------- Begin response ----------------------
HTTP/1.1 405 Not Allowed
Date: Wed, 10 Jun 2026 20:29:27 GMT
Content-Type: text/html
Content-Length: 157
Connection: close

<html>
<head><title>405 Not Allowed</title></head>
<body>
<center><h1>405 Not Allowed</h1></center>
<hr><center>nginx/1.18.0</center>
</body>
</html>

----------------------- End response -----------------------
master.thijn.ovh: Did not receive an HTTP/1.1 200 OK response. Full response follows:
---------------------- Begin response ----------------------
HTTP/1.1 400 Bad Request
Server: nginx
Date: Wed, 10 Jun 2026 20:29:31 GMT
Content-Type: text/html; charset=UTF-8
Transfer-Encoding: chunked
Connection: close
X-VCMP-Error: Invalid request - Server unreachable
Strict-Transport-Security: max-age=63072000

0


----------------------- End response -----------------------
master.adtec.ovh: Did not receive an HTTP/1.1 200 OK response. Full response follows:
---------------------- Begin response ----------------------
HTTP/1.1 405 Not Allowed
Date: Wed, 10 Jun 2026 20:30:32 GMT
Content-Type: text/html
Content-Length: 157
Connection: close

<html>
<head><title>405 Not Allowed</title></head>
<body>
<center><h1>405 Not Allowed</h1></center>
<hr><center>nginx/1.18.0</center>
</body>
</html>

----------------------- End response -----------------------
master.thijn.ovh: Did not receive an HTTP/1.1 200 OK response. Full response follows:
---------------------- Begin response ----------------------
HTTP/1.1 400 Bad Request
Server: nginx
Date: Wed, 10 Jun 2026 20:30:35 GMT
Content-Type: text/html; charset=UTF-8
Transfer-Encoding: chunked
Connection: close
X-VCMP-Error: Invalid request - Server unreachable
Strict-Transport-Security: max-age=63072000

0


----------------------- End response -----------------------
master.adtec.ovh: Did not receive an HTTP/1.1 200 OK response. Full response follows:
---------------------- Begin response ----------------------
HTTP/1.1 405 Not Allowed
Date: Wed, 10 Jun 2026 20:31:51 GMT
Content-Type: text/html
Content-Length: 157
Connection: close

<html>
<head><title>405 Not Allowed</title></head>
<body>
<center><h1>405 Not Allowed</h1></center>
<hr><center>nginx/1.18.0</center>
</body>
</html>

----------------------- End response -----------------------
master.thijn.ovh: Did not receive an HTTP/1.1 200 OK response. Full response follows:
---------------------- Begin response ----------------------
HTTP/1.1 400 Bad Request
Server: nginx
Date: Wed, 10 Jun 2026 20:31:55 GMT
Content-Type: text/html; charset=UTF-8
Transfer-Encoding: chunked
Connection: close
X-VCMP-Error: Invalid request - Server unreachable
Strict-Transport-Security: max-age=63072000

0


----------------------- End response -----------------------
master.adtec.ovh: Did not receive an HTTP/1.1 200 OK response. Full response follows:
---------------------- Begin response ----------------------
HTTP/1.1 405 Not Allowed
Date: Wed, 10 Jun 2026 20:32:56 GMT
Content-Type: text/html
Content-Length: 157
Connection: close

<html>
<head><title>405 Not Allowed</title></head>
<body>
<center><h1>405 Not Allowed</h1></center>
<hr><center>nginx/1.18.0</center>
</body>
</html>

----------------------- End response -----------------------
master.thijn.ovh: Did not receive an HTTP/1.1 200 OK response. Full response follows:
---------------------- Begin response ----------------------
HTTP/1.1 400 Bad Request
Server: nginx
Date: Wed, 10 Jun 2026 20:33:00 GMT
Content-Type: text/html; charset=UTF-8
Transfer-Encoding: chunked
Connection: close
X-VCMP-Error: Invalid request - Server unreachable
Strict-Transport-Security: max-age=63072000

0


----------------------- End response -----------------------
master.adtec.ovh: Did not receive an HTTP/1.1 200 OK response. Full response follows:
---------------------- Begin response ----------------------
HTTP/1.1 405 Not Allowed
Date: Wed, 10 Jun 2026 20:34:01 GMT
Content-Type: text/html
Content-Length: 157
Connection: close

<html>
<head><title>405 Not Allowed</title></head>
<body>
<center><h1>405 Not Allowed</h1></center>
<hr><center>nginx/1.18.0</center>
</body>
</html>

----------------------- End response -----------------------
master.thijn.ovh: Did not receive an HTTP/1.1 200 OK response. Full response follows:
---------------------- Begin response ----------------------
HTTP/1.1 400 Bad Request
Server: nginx
Date: Wed, 10 Jun 2026 20:34:04 GMT
Content-Type: text/html; charset=UTF-8
Transfer-Encoding: chunked
Connection: close
X-VCMP-Error: Invalid request - Server unreachable
Strict-Transport-Security: max-age=63072000

0


----------------------- End response -----------------------
master.adtec.ovh: Did not receive an HTTP/1.1 200 OK response. Full response follows:
---------------------- Begin response ----------------------
HTTP/1.1 405 Not Allowed
Date: Wed, 10 Jun 2026 20:39:02 GMT
Content-Type: text/html
Content-Length: 157
Connection: close

<html>
<head><title>405 Not Allowed</title></head>
<body>
<center><h1>405 Not Allowed</h1></center>
<hr><center>nginx/1.18.0</center>
</body>
</html>

----------------------- End response -----------------------
master.thijn.ovh: Did not receive an HTTP/1.1 200 OK response. Full response follows:
---------------------- Begin response ----------------------
HTTP/1.1 400 Bad Request
Server: nginx
Date: Wed, 10 Jun 2026 20:39:06 GMT
Content-Type: text/html; charset=UTF-8
Transfer-Encoding: chunked
Connection: close
X-VCMP-Error: Invalid request - Server unreachable
Strict-Transport-Security: max-age=63072000

0


----------------------- End response -----------------------
master.adtec.ovh: Did not receive an HTTP/1.1 200 OK response. Full response follows:
---------------------- Begin response ----------------------
HTTP/1.1 405 Not Allowed
Date: Wed, 10 Jun 2026 20:40:27 GMT
Content-Type: text/html
Content-Length: 157
Connection: close

<html>
<head><title>405 Not Allowed</title></head>
<body>
<center><h1>405 Not Allowed</h1></center>
<hr><center>nginx/1.18.0</center>
</body>
</html>

----------------------- End response -----------------------
master.thijn.ovh: Did not receive an HTTP/1.1 200 OK response. Full response follows:
---------------------- Begin response ----------------------
HTTP/1.1 400 Bad Request
Server: nginx
Date: Wed, 10 Jun 2026 20:40:31 GMT
Content-Type: text/html; charset=UTF-8
Transfer-Encoding: chunked
Connection: close
X-VCMP-Error: Invalid request - Server unreachable
Strict-Transport-Security: max-age=63072000

0


----------------------- End response -----------------------
master.adtec.ovh: Did not receive an HTTP/1.1 200 OK response. Full response follows:
---------------------- Begin response ----------------------
HTTP/1.1 405 Not Allowed
Date: Wed, 10 Jun 2026 20:41:32 GMT
Content-Type: text/html
Content-Length: 157
Connection: close

<html>
<head><title>405 Not Allowed</title></head>
<body>
<center><h1>405 Not Allowed</h1></center>
<hr><center>nginx/1.18.0</center>
</body>
</html>

----------------------- End response -----------------------
master.thijn.ovh: Did not receive an HTTP/1.1 200 OK response. Full response follows:
---------------------- Begin response ----------------------
HTTP/1.1 400 Bad Request
Server: nginx
Date: Wed, 10 Jun 2026 20:41:35 GMT
Content-Type: text/html; charset=UTF-8
Transfer-Encoding: chunked
Connection: close
X-VCMP-Error: Invalid request - Server unreachable
Strict-Transport-Security: max-age=63072000

0


----------------------- End response -----------------------
master.vc-mp.org: Failed to receive data (return value: -1) (errno: 10060)
master.adtec.ovh: Did not receive an HTTP/1.1 200 OK response. Full response follows:
---------------------- Begin response ----------------------
HTTP/1.1 405 Not Allowed
Date: Wed, 10 Jun 2026 20:42:41 GMT
Content-Type: text/html
Content-Length: 157
Connection: close

<html>
<head><title>405 Not Allowed</title></head>
<body>
<center><h1>405 Not Allowed</h1></center>
<hr><center>nginx/1.18.0</center>
</body>
</html>

----------------------- End response -----------------------
master.thijn.ovh: Did not receive an HTTP/1.1 200 OK response. Full response follows:
---------------------- Begin response ----------------------
HTTP/1.1 400 Bad Request
Server: nginx
Date: Wed, 10 Jun 2026 20:42:45 GMT
Content-Type: text/html; charset=UTF-8
Transfer-Encoding: chunked
Connection: close
X-VCMP-Error: Invalid request - Server unreachable
Strict-Transport-Security: max-age=63072000

0


----------------------- End response -----------------------
master.adtec.ovh: Did not receive an HTTP/1.1 200 OK response. Full response follows:
---------------------- Begin response ----------------------
HTTP/1.1 405 Not Allowed
Date: Wed, 10 Jun 2026 21:18:58 GMT
Content-Type: text/html
Content-Length: 157
Connection: close

<html>
<head><title>405 Not Allowed</title></head>
<body>
<center><h1>405 Not Allowed</h1></center>
<hr><center>nginx/1.18.0</center>
</body>
</html>

----------------------- End response -----------------------
master.thijn.ovh: Did not receive an HTTP/1.1 200 OK response. Full response follows:
---------------------- Begin response ----------------------
HTTP/1.1 400 Bad Request
Server: nginx
Date: Wed, 10 Jun 2026 21:19:01 GMT
Content-Type: text/html; charset=UTF-8
Transfer-Encoding: chunked
Connection: close
X-VCMP-Error: Invalid request - Server unreachable
Strict-Transport-Security: max-age=63072000

0


----------------------- End response -----------------------
master.adtec.ovh: Did not receive an HTTP/1.1 200 OK response. Full response follows:
---------------------- Begin response ----------------------
HTTP/1.1 405 Not Allowed
Date: Wed, 10 Jun 2026 21:19:30 GMT
Content-Type: text/html
Content-Length: 157
Connection: close

<html>
<head><title>405 Not Allowed</title></head>
<body>
<center><h1>405 Not Allowed</h1></center>
<hr><center>nginx/1.18.0</center>
</body>
</html>

----------------------- End response -----------------------
master.thijn.ovh: Did not receive an HTTP/1.1 200 OK response. Full response follows:
---------------------- Begin response ----------------------
HTTP/1.1 400 Bad Request
Server: nginx
Date: Wed, 10 Jun 2026 21:19:34 GMT
Content-Type: text/html; charset=UTF-8
Transfer-Encoding: chunked
Connection: close
X-VCMP-Error: Invalid request - Server unreachable
Strict-Transport-Security: max-age=63072000

0


----------------------- End response -----------------------
master.adtec.ovh: Did not receive an HTTP/1.1 200 OK response. Full response follows:
---------------------- Begin response ----------------------
HTTP/1.1 405 Not Allowed
Date: Wed, 10 Jun 2026 21:20:35 GMT
Content-Type: text/html
Content-Length: 157
Connection: close

<html>
<head><title>405 Not Allowed</title></head>
<body>
<center><h1>405 Not Allowed</h1></center>
<hr><center>nginx/1.18.0</center>
</body>
</html>

----------------------- End response -----------------------
master.thijn.ovh: Did not receive an HTTP/1.1 200 OK response. Full response follows:
---------------------- Begin response ----------------------
HTTP/1.1 400 Bad Request
Server: nginx
Date: Wed, 10 Jun 2026 21:20:38 GMT
Content-Type: text/html; charset=UTF-8
Transfer-Encoding: chunked
Connection: close
X-VCMP-Error: Invalid request - Server unreachable
Strict-Transport-Security: max-age=63072000

0


----------------------- End response -----------------------
master.adtec.ovh: Did not receive an HTTP/1.1 200 OK response. Full response follows:
---------------------- Begin response ----------------------
HTTP/1.1 405 Not Allowed
Date: Wed, 10 Jun 2026 21:29:55 GMT
Content-Type: text/html
Content-Length: 157
Connection: close

<html>
<head><title>405 Not Allowed</title></head>
<body>
<center><h1>405 Not Allowed</h1></center>
<hr><center>nginx/1.18.0</center>
</body>
</html>

----------------------- End response -----------------------
master.thijn.ovh: Did not receive an HTTP/1.1 200 OK response. Full response follows:
---------------------- Begin response ----------------------
HTTP/1.1 400 Bad Request
Server: nginx
Date: Wed, 10 Jun 2026 21:29:59 GMT
Content-Type: text/html; charset=UTF-8
Transfer-Encoding: chunked
Connection: close
X-VCMP-Error: Invalid request - Server unreachable
Strict-Transport-Security: max-age=63072000

0


----------------------- End response -----------------------
master.adtec.ovh: Did not receive an HTTP/1.1 200 OK response. Full response follows:
---------------------- Begin response ----------------------
HTTP/1.1 405 Not Allowed
Date: Wed, 10 Jun 2026 21:31:00 GMT
Content-Type: text/html
Content-Length: 157
Connection: close

<html>
<head><title>405 Not Allowed</title></head>
<body>
<center><h1>405 Not Allowed</h1></center>
<hr><center>nginx/1.18.0</center>
</body>
</html>

----------------------- End response -----------------------
master.thijn.ovh: Did not receive an HTTP/1.1 200 OK response. Full response follows:
---------------------- Begin response ----------------------
HTTP/1.1 400 Bad Request
Server: nginx
Date: Wed, 10 Jun 2026 21:31:03 GMT
Content-Type: text/html; charset=UTF-8
Transfer-Encoding: chunked
Connection: close
X-VCMP-Error: Invalid request - Server unreachable
Strict-Transport-Security: max-age=63072000

0


----------------------- End response -----------------------
master.adtec.ovh: Did not receive an HTTP/1.1 200 OK response. Full response follows:
---------------------- Begin response ----------------------
HTTP/1.1 405 Not Allowed
Date: Wed, 10 Jun 2026 21:32:04 GMT
Content-Type: text/html
Content-Length: 157
Connection: close

<html>
<head><title>405 Not Allowed</title></head>
<body>
<center><h1>405 Not Allowed</h1></center>
<hr><center>nginx/1.18.0</center>
</body>
</html>

----------------------- End response -----------------------
master.thijn.ovh: Did not receive an HTTP/1.1 200 OK response. Full response follows:
---------------------- Begin response ----------------------
HTTP/1.1 400 Bad Request
Server: nginx
Date: Wed, 10 Jun 2026 21:32:08 GMT
Content-Type: text/html; charset=UTF-8
Transfer-Encoding: chunked
Connection: close
X-VCMP-Error: Invalid request - Server unreachable
Strict-Transport-Security: max-age=63072000

0


----------------------- End response -----------------------
master.adtec.ovh: Did not receive an HTTP/1.1 200 OK response. Full response follows:
---------------------- Begin response ----------------------
HTTP/1.1 405 Not Allowed
Date: Wed, 10 Jun 2026 21:32:22 GMT
Content-Type: text/html
Content-Length: 157
Connection: close

<html>
<head><title>405 Not Allowed</title></head>
<body>
<center><h1>405 Not Allowed</h1></center>
<hr><center>nginx/1.18.0</center>
</body>
</html>

----------------------- End response -----------------------
master.adtec.ovh: Did not receive an HTTP/1.1 200 OK response. Full response follows:
---------------------- Begin response ----------------------
HTTP/1.1 405 Not Allowed
Date: Wed, 10 Jun 2026 21:33:11 GMT
Content-Type: text/html
Content-Length: 157
Connection: close

<html>
<head><title>405 Not Allowed</title></head>
<body>
<center><h1>405 Not Allowed</h1></center>
<hr><center>nginx/1.18.0</center>
</body>
</html>

----------------------- End response -----------------------
master.thijn.ovh: Did not receive an HTTP/1.1 200 OK response. Full response follows:
---------------------- Begin response ----------------------
HTTP/1.1 400 Bad Request
Server: nginx
Date: Wed, 10 Jun 2026 21:33:15 GMT
Content-Type: text/html; charset=UTF-8
Transfer-Encoding: chunked
Connection: close
X-VCMP-Error: Invalid request - Server unreachable
Strict-Transport-Security: max-age=63072000

0


----------------------- End response -----------------------
master.adtec.ovh: Did not receive an HTTP/1.1 200 OK response. Full response follows:
---------------------- Begin response ----------------------
HTTP/1.1 405 Not Allowed
Date: Wed, 10 Jun 2026 21:34:16 GMT
Content-Type: text/html
Content-Length: 157
Connection: close

<html>
<head><title>405 Not Allowed</title></head>
<body>
<center><h1>405 Not Allowed</h1></center>
<hr><center>nginx/1.18.0</center>
</body>
</html>

----------------------- End response -----------------------
master.thijn.ovh: Did not receive an HTTP/1.1 200 OK response. Full response follows:
---------------------- Begin response ----------------------
HTTP/1.1 400 Bad Request
Server: nginx
Date: Wed, 10 Jun 2026 21:34:19 GMT
Content-Type: text/html; charset=UTF-8
Transfer-Encoding: chunked
Connection: close
X-VCMP-Error: Invalid request - Server unreachable
Strict-Transport-Security: max-age=63072000

0


----------------------- End response -----------------------
master.adtec.ovh: Did not receive an HTTP/1.1 200 OK response. Full response follows:
---------------------- Begin response ----------------------
HTTP/1.1 405 Not Allowed
Date: Thu, 11 Jun 2026 20:16:22 GMT
Content-Type: text/html
Content-Length: 157
Connection: close

<html>
<head><title>405 Not Allowed</title></head>
<body>
<center><h1>405 Not Allowed</h1></center>
<hr><center>nginx/1.18.0</center>
</body>
</html>

----------------------- End response -----------------------
master.thijn.ovh: Did not receive an HTTP/1.1 200 OK response. Full response follows:
---------------------- Begin response ----------------------
HTTP/1.1 400 Bad Request
Server: nginx
Date: Thu, 11 Jun 2026 20:16:26 GMT
Content-Type: text/html; charset=UTF-8
Transfer-Encoding: chunked
Connection: close
X-VCMP-Error: Invalid request - Server unreachable
Strict-Transport-Security: max-age=63072000

0


----------------------- End response -----------------------
master.adtec.ovh: Did not receive an HTTP/1.1 200 OK response. Full response follows:
---------------------- Begin response ----------------------
HTTP/1.1 405 Not Allowed
Date: Thu, 11 Jun 2026 20:17:28 GMT
Content-Type: text/html
Content-Length: 157
Connection: close

<html>
<head><title>405 Not Allowed</title></head>
<body>
<center><h1>405 Not Allowed</h1></center>
<hr><center>nginx/1.18.0</center>
</body>
</html>

----------------------- End response -----------------------
master.thijn.ovh: Did not receive an HTTP/1.1 200 OK response. Full response follows:
---------------------- Begin response ----------------------
HTTP/1.1 400 Bad Request
Server: nginx
Date: Thu, 11 Jun 2026 20:17:32 GMT
Content-Type: text/html; charset=UTF-8
Transfer-Encoding: chunked
Connection: close
X-VCMP-Error: Invalid request - Server unreachable
Strict-Transport-Security: max-age=63072000

0


----------------------- End response -----------------------
master.adtec.ovh: Did not receive an HTTP/1.1 200 OK response. Full response follows:
---------------------- Begin response ----------------------
HTTP/1.1 405 Not Allowed
Date: Thu, 11 Jun 2026 20:18:33 GMT
Content-Type: text/html
Content-Length: 157
Connection: close

<html>
<head><title>405 Not Allowed</title></head>
<body>
<center><h1>405 Not Allowed</h1></center>
<hr><center>nginx/1.18.0</center>
</body>
</html>

----------------------- End response -----------------------
master.thijn.ovh: Did not receive an HTTP/1.1 200 OK response. Full response follows:
---------------------- Begin response ----------------------
HTTP/1.1 400 Bad Request
Server: nginx
Date: Thu, 11 Jun 2026 20:18:36 GMT
Content-Type: text/html; charset=UTF-8
Transfer-Encoding: chunked
Connection: close
X-VCMP-Error: Invalid request - Server unreachable
Strict-Transport-Security: max-age=63072000

0


----------------------- End response -----------------------
master.adtec.ovh: Did not receive an HTTP/1.1 200 OK response. Full response follows:
---------------------- Begin response ----------------------
HTTP/1.1 405 Not Allowed
Date: Thu, 11 Jun 2026 20:19:42 GMT
Content-Type: text/html
Content-Length: 157
Connection: close

<html>
<head><title>405 Not Allowed</title></head>
<body>
<center><h1>405 Not Allowed</h1></center>
<hr><center>nginx/1.18.0</center>
</body>
</html>

----------------------- End response -----------------------
master.thijn.ovh: Did not receive an HTTP/1.1 200 OK response. Full response follows:
---------------------- Begin response ----------------------
HTTP/1.1 400 Bad Request
Server: nginx
Date: Thu, 11 Jun 2026 20:19:45 GMT
Content-Type: text/html; charset=UTF-8
Transfer-Encoding: chunked
Connection: close
X-VCMP-Error: Invalid request - Server unreachable
Strict-Transport-Security: max-age=63072000

0


----------------------- End response -----------------------
master.adtec.ovh: Did not receive an HTTP/1.1 200 OK response. Full response follows:
---------------------- Begin response ----------------------
HTTP/1.1 405 Not Allowed
Date: Thu, 11 Jun 2026 20:20:47 GMT
Content-Type: text/html
Content-Length: 157
Connection: close

<html>
<head><title>405 Not Allowed</title></head>
<body>
<center><h1>405 Not Allowed</h1></center>
<hr><center>nginx/1.18.0</center>
</body>
</html>

----------------------- End response -----------------------
master.thijn.ovh: Did not receive an HTTP/1.1 200 OK response. Full response follows:
---------------------- Begin response ----------------------
HTTP/1.1 400 Bad Request
Server: nginx
Date: Thu, 11 Jun 2026 20:20:51 GMT
Content-Type: text/html; charset=UTF-8
Transfer-Encoding: chunked
Connection: close
X-VCMP-Error: Invalid request - Server unreachable
Strict-Transport-Security: max-age=63072000

0


----------------------- End response -----------------------
master.vc-mp.org: Failed to receive data (return value: -1) (errno: 10060)
master.adtec.ovh: Did not receive an HTTP/1.1 200 OK response. Full response follows:
---------------------- Begin response ----------------------
HTTP/1.1 405 Not Allowed
Date: Thu, 11 Jun 2026 20:21:56 GMT
Content-Type: text/html
Content-Length: 157
Connection: close

<html>
<head><title>405 Not Allowed</title></head>
<body>
<center><h1>405 Not Allowed</h1></center>
<hr><center>nginx/1.18.0</center>
</body>
</html>

----------------------- End response -----------------------
master.thijn.ovh: Did not receive an HTTP/1.1 200 OK response. Full response follows:
---------------------- Begin response ----------------------
HTTP/1.1 400 Bad Request
Server: nginx
Date: Thu, 11 Jun 2026 20:22:00 GMT
Content-Type: text/html; charset=UTF-8
Transfer-Encoding: chunked
Connection: close
X-VCMP-Error: Invalid request - Server unreachable
Strict-Transport-Security: max-age=63072000

0


----------------------- End response -----------------------
master.adtec.ovh: Did not receive an HTTP/1.1 200 OK response. Full response follows:
---------------------- Begin response ----------------------
HTTP/1.1 405 Not Allowed
Date: Thu, 11 Jun 2026 20:23:01 GMT
Content-Type: text/html
Content-Length: 157
Connection: close

<html>
<head><title>405 Not Allowed</title></head>
<body>
<center><h1>405 Not Allowed</h1></center>
<hr><center>nginx/1.18.0</center>
</body>
</html>

----------------------- End response -----------------------
master.thijn.ovh: Did not receive an HTTP/1.1 200 OK response. Full response follows:
---------------------- Begin response ----------------------
HTTP/1.1 400 Bad Request
Server: nginx
Date: Thu, 11 Jun 2026 20:23:04 GMT
Content-Type: text/html; charset=UTF-8
Transfer-Encoding: chunked
Connection: close
X-VCMP-Error: Invalid request - Server unreachable
Strict-Transport-Security: max-age=63072000

0


----------------------- End response -----------------------
master.adtec.ovh: Did not receive an HTTP/1.1 200 OK response. Full response follows:
---------------------- Begin response ----------------------
HTTP/1.1 405 Not Allowed
Date: Thu, 11 Jun 2026 20:24:05 GMT
Content-Type: text/html
Content-Length: 157
Connection: close

<html>
<head><title>405 Not Allowed</title></head>
<body>
<center><h1>405 Not Allowed</h1></center>
<hr><center>nginx/1.18.0</center>
</body>
</html>

----------------------- End response -----------------------
master.thijn.ovh: Did not receive an HTTP/1.1 200 OK response. Full response follows:
---------------------- Begin response ----------------------
HTTP/1.1 400 Bad Request
Server: nginx
Date: Thu, 11 Jun 2026 20:24:09 GMT
Content-Type: text/html; charset=UTF-8
Transfer-Encoding: chunked
Connection: close
X-VCMP-Error: Invalid request - Server unreachable
Strict-Transport-Security: max-age=63072000

0


----------------------- End response -----------------------
master.adtec.ovh: Did not receive an HTTP/1.1 200 OK response. Full response follows:
---------------------- Begin response ----------------------
HTTP/1.1 405 Not Allowed
Date: Thu, 11 Jun 2026 20:25:10 GMT
Content-Type: text/html
Content-Length: 157
Connection: close

<html>
<head><title>405 Not Allowed</title></head>
<body>
<center><h1>405 Not Allowed</h1></center>
<hr><center>nginx/1.18.0</center>
</body>
</html>

----------------------- End response -----------------------
master.thijn.ovh: Did not receive an HTTP/1.1 200 OK response. Full response follows:
---------------------- Begin response ----------------------
HTTP/1.1 400 Bad Request
Server: nginx
Date: Thu, 11 Jun 2026 20:25:13 GMT
Content-Type: text/html; charset=UTF-8
Transfer-Encoding: chunked
Connection: close
X-VCMP-Error: Invalid request - Server unreachable
Strict-Transport-Security: max-age=63072000

0


----------------------- End response -----------------------
master.adtec.ovh: Did not receive an HTTP/1.1 200 OK response. Full response follows:
---------------------- Begin response ----------------------
HTTP/1.1 405 Not Allowed
Date: Thu, 11 Jun 2026 20:36:23 GMT
Content-Type: text/html
Content-Length: 157
Connection: close

<html>
<head><title>405 Not Allowed</title></head>
<body>
<center><h1>405 Not Allowed</h1></center>
<hr><center>nginx/1.18.0</center>
</body>
</html>

----------------------- End response -----------------------
master.thijn.ovh: Did not receive an HTTP/1.1 200 OK response. Full response follows:
---------------------- Begin response ----------------------
HTTP/1.1 400 Bad Request
Server: nginx
Date: Thu, 11 Jun 2026 20:36:27 GMT
Content-Type: text/html; charset=UTF-8
Transfer-Encoding: chunked
Connection: close
X-VCMP-Error: Invalid request - Server unreachable
Strict-Transport-Security: max-age=63072000

0


----------------------- End response -----------------------
master.adtec.ovh: Did not receive an HTTP/1.1 200 OK response. Full response follows:
---------------------- Begin response ----------------------
HTTP/1.1 405 Not Allowed
Date: Thu, 11 Jun 2026 20:37:28 GMT
Content-Type: text/html
Content-Length: 157
Connection: close

<html>
<head><title>405 Not Allowed</title></head>
<body>
<center><h1>405 Not Allowed</h1></center>
<hr><center>nginx/1.18.0</center>
</body>
</html>

----------------------- End response -----------------------
master.thijn.ovh: Did not receive an HTTP/1.1 200 OK response. Full response follows:
---------------------- Begin response ----------------------
HTTP/1.1 400 Bad Request
Server: nginx
Date: Thu, 11 Jun 2026 20:37:31 GMT
Content-Type: text/html; charset=UTF-8
Transfer-Encoding: chunked
Connection: close
X-VCMP-Error: Invalid request - Server unreachable
Strict-Transport-Security: max-age=63072000

0


----------------------- End response -----------------------
master.adtec.ovh: Did not receive an HTTP/1.1 200 OK response. Full response follows:
---------------------- Begin response ----------------------
HTTP/1.1 405 Not Allowed
Date: Thu, 11 Jun 2026 20:38:34 GMT
Content-Type: text/html
Content-Length: 157
Connection: close

<html>
<head><title>405 Not Allowed</title></head>
<body>
<center><h1>405 Not Allowed</h1></center>
<hr><center>nginx/1.18.0</center>
</body>
</html>

----------------------- End response -----------------------
master.thijn.ovh: Did not receive an HTTP/1.1 200 OK response. Full response follows:
---------------------- Begin response ----------------------
HTTP/1.1 400 Bad Request
Server: nginx
Date: Thu, 11 Jun 2026 20:38:38 GMT
Content-Type: text/html; charset=UTF-8
Transfer-Encoding: chunked
Connection: close
X-VCMP-Error: Invalid request - Server unreachable
Strict-Transport-Security: max-age=63072000

0


----------------------- End response -----------------------
